f-logger    : WARNING  Jail zesty vixen who grabbed pay from quack.
f-logger    : ERROR    TEST
f-logger    : WARNING  Jail zesty vixen who grabbed pay from quack.
f-logger    : ERROR    TEST1
f-logger    : WARNING  Jail zesty vixen who grabbed pay from quack.
f-logger    : WARNING  Jail zesty vixen who grabbed pay from quack.
f-logger    : ERROR    TEST1
f-logger    : ERROR    TEST1
f-logger    : WARNING  fw
f-logger    : WARNING  fw
f-logger    : ERROR    fe
f-logger    : ERROR    fe
f-logger    : WARNING  fw
f-logger    : WARNING  fw
f-logger    : ERROR    fe
f-logger    : ERROR    fe
f-logger    : WARNING  test
f-logger    : WARNING  test
f-logger    : WARNING  test
f-logger    : WARNING  test
f-logger    : WARNING  test
f-logger    : WARNING  test
f-logger    : WARNING  test
f-logger    : WARNING  test
f-logger    : WARNING  fw
f-logger    : WARNING  fw
f-logger    : WARNING  fw
f-logger    : WARNING  fw
f-logger    : WARNING  fw
f-logger    : WARNING  fw
f-logger    : ERROR    fe
f-logger    : ERROR    fe
f-logger    : ERROR    fe
f-logger    : ERROR    fe
f-logger    : ERROR    fe
f-logger    : ERROR    fe
f-logger    : WARNING  fw
f-logger    : WARNING  fw
f-logger    : WARNING  fw
f-logger    : WARNING  fw
f-logger    : WARNING  fw
f-logger    : WARNING  fw
f-logger    : ERROR    fe
f-logger    : ERROR    fe
f-logger    : ERROR    fe
f-logger    : ERROR    fe
f-logger    : ERROR    fe
f-logger    : ERROR    fe
f-logger    : WARNING  fw
f-logger    : WARNING  fw
f-logger    : WARNING  fw
f-logger    : WARNING  fw
f-logger    : WARNING  fw
f-logger    : WARNING  fw
f-logger    : ERROR    fe
f-logger    : ERROR    fe
f-logger    : ERROR    fe
f-logger    : ERROR    fe
f-logger    : ERROR    fe
f-logger    : ERROR    fe
f-logger    : WARNING  fw
f-logger    : WARNING  fw
f-logger    : WARNING  fw
f-logger    : WARNING  fw
f-logger    : WARNING  fw
f-logger    : WARNING  fw
f-logger    : ERROR    fe
f-logger    : ERROR    fe
f-logger    : ERROR    fe
f-logger    : ERROR    fe
f-logger    : ERROR    fe
f-logger    : ERROR    fe
f-logger    : WARNING  fw
f-logger    : WARNING  fw
f-logger    : WARNING  fw
f-logger    : WARNING  fw
f-logger    : WARNING  fw
f-logger    : WARNING  fw
f-logger    : ERROR    fe
f-logger    : ERROR    fe
f-logger    : ERROR    fe
f-logger    : ERROR    fe
f-logger    : ERROR    fe
f-logger    : ERROR    fe
f-logger    : WARNING  fw
f-logger    : WARNING  fw
f-logger    : WARNING  fw
f-logger    : WARNING  fw
f-logger    : WARNING  fw
f-logger    : WARNING  fw
f-logger    : ERROR    fe
f-logger    : ERROR    fe
f-logger    : ERROR    fe
f-logger    : ERROR    fe
f-logger    : ERROR    fe
f-logger    : ERROR    fe
f-logger    : WARNING  fw
f-logger    : WARNING  fw
f-logger    : WARNING  fw
f-logger    : WARNING  fw
f-logger    : WARNING  fw
f-logger    : WARNING  fw
f-logger    : ERROR    fe
f-logger    : ERROR    fe
f-logger    : ERROR    fe
f-logger    : ERROR    fe
f-logger    : ERROR    fe
f-logger    : ERROR    fe
f-logger    : WARNING  fw
f-logger    : WARNING  fw
f-logger    : WARNING  fw
f-logger    : WARNING  fw
f-logger    : WARNING  fw
f-logger    : WARNING  fw
f-logger    : ERROR    fe
f-logger    : ERROR    fe
f-logger    : ERROR    fe
f-logger    : ERROR    fe
f-logger    : ERROR    fe
f-logger    : ERROR    fe
f-logger    : WARNING  fw
f-logger    : WARNING  fw
f-logger    : WARNING  fw
f-logger    : WARNING  fw
f-logger    : WARNING  fw
f-logger    : WARNING  fw
f-logger    : ERROR    fe
f-logger    : ERROR    fe
f-logger    : ERROR    fe
f-logger    : ERROR    fe
f-logger    : ERROR    fe
f-logger    : ERROR    fe
f-logger    : WARNING  fw
f-logger    : WARNING  fw
f-logger    : WARNING  fw
f-logger    : WARNING  fw
f-logger    : WARNING  fw
f-logger    : WARNING  fw
f-logger    : ERROR    fe
f-logger    : ERROR    fe
f-logger    : ERROR    fe
f-logger    : ERROR    fe
f-logger    : ERROR    fe
f-logger    : ERROR    fe
f-logger    : WARNING  fw
f-logger    : WARNING  fw
f-logger    : WARNING  fw
f-logger    : WARNING  fw
f-logger    : WARNING  fw
f-logger    : WARNING  fw
f-logger    : ERROR    fe
f-logger    : ERROR    fe
f-logger    : ERROR    fe
f-logger    : ERROR    fe
f-logger    : ERROR    fe
f-logger    : ERROR    fe
f-logger    : WARNING  fw
f-logger    : WARNING  fw
f-logger    : WARNING  fw
f-logger    : WARNING  fw
f-logger    : WARNING  fw
f-logger    : WARNING  fw
f-logger    : ERROR    fe
f-logger    : ERROR    fe
f-logger    : ERROR    fe
f-logger    : ERROR    fe
f-logger    : ERROR    fe
f-logger    : ERROR    fe
f-logger    : WARNING  fw
f-logger    : WARNING  fw
f-logger    : WARNING  fw
f-logger    : WARNING  fw
f-logger    : WARNING  fw
f-logger    : WARNING  fw
f-logger    : ERROR    fe
f-logger    : ERROR    fe
f-logger    : ERROR    fe
f-logger    : ERROR    fe
f-logger    : ERROR    fe
f-logger    : ERROR    fe
f-logger    : WARNING  fw
f-logger    : WARNING  fw
f-logger    : WARNING  fw
f-logger    : WARNING  fw
f-logger    : WARNING  fw
f-logger    : WARNING  fw
f-logger    : ERROR    fe
f-logger    : ERROR    fe
f-logger    : ERROR    fe
f-logger    : ERROR    fe
f-logger    : ERROR    fe
f-logger    : ERROR    fe
f-logger    : WARNING  fw
f-logger    : WARNING  fw
f-logger    : WARNING  fw
f-logger    : WARNING  fw
f-logger    : WARNING  fw
f-logger    : WARNING  fw
f-logger    : ERROR    fe
f-logger    : ERROR    fe
f-logger    : ERROR    fe
f-logger    : ERROR    fe
f-logger    : ERROR    fe
f-logger    : ERROR    fe
f-logger    : WARNING  test
f-logger    : WARNING  fw
f-logger    : ERROR    fe
f-logger    : WARNING  test
f-logger    : WARNING  fw
f-logger    : ERROR    fe
f-logger    : WARNING  test
f-logger    : WARNING  test
f-logger    : WARNING  test
f-logger    : INFO     f
f-logger    : WARNING  test
f-logger    : INFO     f
f-logger    : WARNING  test
f-logger    : INFO     'WEEK_DAY' added to featues.
f-logger    : INFO     'WEEK_DAY' added to featues.
f-logger    : INFO     selected Features are:['CUSTOMER_ID', 'TERMINAL_ID', 'TX_AMOUNT', 'TX_TIME_SECONDS', 'TX_TIME_DAYS', 'WEEK_DAY', 'TX_FRAUD_SCENARIO']
f-logger    : DEBUG    df
f-logger - DEBUG - df
f-logger    : INFO     if
f-logger - INFO - if
f-logger    : WARNING  fw
f-logger - WARNING - fw
f-logger    : ERROR    fe
f-logger - ERROR - fe
c-logger - DEBUG - test
c-logger - INFO - How quickly daft jumping zebras vex.
c-logger - WARNING - Jail zesty vixen who grabbed pay from quack.
c-logger - ERROR - TEST
c-logger - DEBUG - test
c-logger - INFO - How quickly daft jumping zebras vex.
c-logger - WARNING - Jail zesty vixen who grabbed pay from quack.
c-logger - ERROR - TEST
c-logger - DEBUG - test
c-logger - INFO - How quickly daft jumping zebras vex.
c-logger - WARNING - Jail zesty vixen who grabbed pay from quack.
c-logger - ERROR - TEST
