pre-processor - WARNING - ('Raw data shape:', (13000, 10))
pre-processor - WARNING - ('categorized data shape:', (13000, 7151))
pre-processor - WARNING - ======== Making X and Y Tensors ==========
pre-processor - WARNING - X and Y tensors are Rolled 

pre-processor - WARNING - Preprocessing Done! 

f-logger - WARNING - Jail zesty vixen who grabbed pay from quack.
f-logger - ERROR - The five boxing wizards jump quickly.
f-logger - WARNING - Jail zesty vixen who grabbed pay from quack.
f-logger - ERROR - The five boxing wizards jump quickly.
f-logger - WARNING - Jail zesty vixen who grabbed pay from quack.
f-logger - ERROR - The five boxing wizards jump quickly.
f-logger - WARNING - Jail zesty vixen who grabbed pay from quack.
f-logger - WARNING - Jail zesty vixen who grabbed pay from quack.
f-logger - WARNING - Jail zesty vixen who grabbed pay from quack.
f-logger - WARNING - Jail zesty vixen who grabbed pay from quack.
f-logger - WARNING - Jail zesty vixen who grabbed pay from quack.
f-logger - WARNING - Jail zesty vixen who grabbed pay from quack.
f-logger - WARNING - Jail zesty vixen who grabbed pay from quack.
f-logger - WARNING - Jail zesty vixen who grabbed pay from quack.
f-logger - WARNING - Jail zesty vixen who grabbed pay from quack.
f-logger - WARNING - Jail zesty vixen who grabbed pay from quack.
f-logger - WARNING - Jail zesty vixen who grabbed pay from quack.
f-logger - ERROR - The five boxing wizards jump quickly.
f-logger - ERROR - The five boxing wizards jump quickly.
f-logger - ERROR - The five boxing wizards jump quickly.
f-logger - ERROR - The five boxing wizards jump quickly.
f-logger - ERROR - The five boxing wizards jump quickly.
f-logger - ERROR - The five boxing wizards jump quickly.
c-logger - WARNING - Jail zesty vixen who grabbed pay from quack.
c-logger - WARNING - Jail zesty vixen who grabbed pay from quack.
